j:\github_repo\moeru_kit\vs_lib\zlib-1.2.11\build\zlib.dir\debug\vc142.pdb
j:\github_repo\moeru_kit\vs_lib\zlib-1.2.11\build\zlib.dir\debug\zutil.obj
j:\github_repo\moeru_kit\vs_lib\zlib-1.2.11\build\zlib.dir\debug\uncompr.obj
j:\github_repo\moeru_kit\vs_lib\zlib-1.2.11\build\zlib.dir\debug\trees.obj
j:\github_repo\moeru_kit\vs_lib\zlib-1.2.11\build\zlib.dir\debug\inffast.obj
j:\github_repo\moeru_kit\vs_lib\zlib-1.2.11\build\zlib.dir\debug\inftrees.obj
j:\github_repo\moeru_kit\vs_lib\zlib-1.2.11\build\zlib.dir\debug\infback.obj
j:\github_repo\moeru_kit\vs_lib\zlib-1.2.11\build\zlib.dir\debug\inflate.obj
j:\github_repo\moeru_kit\vs_lib\zlib-1.2.11\build\zlib.dir\debug\gzwrite.obj
j:\github_repo\moeru_kit\vs_lib\zlib-1.2.11\build\zlib.dir\debug\gzread.obj
j:\github_repo\moeru_kit\vs_lib\zlib-1.2.11\build\zlib.dir\debug\gzlib.obj
j:\github_repo\moeru_kit\vs_lib\zlib-1.2.11\build\zlib.dir\debug\gzclose.obj
j:\github_repo\moeru_kit\vs_lib\zlib-1.2.11\build\zlib.dir\debug\deflate.obj
j:\github_repo\moeru_kit\vs_lib\zlib-1.2.11\build\zlib.dir\debug\crc32.obj
j:\github_repo\moeru_kit\vs_lib\zlib-1.2.11\build\zlib.dir\debug\compress.obj
j:\github_repo\moeru_kit\vs_lib\zlib-1.2.11\build\zlib.dir\debug\adler32.obj
j:\github_repo\moeru_kit\vs_lib\zlib-1.2.11\build\cmakefiles\generate.stamp
j:\github_repo\moeru_kit\vs_lib\zlib-1.2.11\build\debug\zlibd.ilk
j:\github_repo\moeru_kit\vs_lib\zlib-1.2.11\build\debug\zlibd.dll
j:\github_repo\moeru_kit\vs_lib\zlib-1.2.11\build\debug\zlibd.pdb
j:\github_repo\moeru_kit\vs_lib\zlib-1.2.11\build\zlib.dir\debug\zlib1.res
j:\github_repo\moeru_kit\vs_lib\zlib-1.2.11\build\debug\zlibd.lib
j:\github_repo\moeru_kit\vs_lib\zlib-1.2.11\build\debug\zlibd.exp
j:\github_repo\moeru_kit\vs_lib\zlib-1.2.11\build\zlib.dir\debug\zlib.tlog\cl.command.1.tlog
j:\github_repo\moeru_kit\vs_lib\zlib-1.2.11\build\zlib.dir\debug\zlib.tlog\cl.read.1.tlog
j:\github_repo\moeru_kit\vs_lib\zlib-1.2.11\build\zlib.dir\debug\zlib.tlog\cl.write.1.tlog
j:\github_repo\moeru_kit\vs_lib\zlib-1.2.11\build\zlib.dir\debug\zlib.tlog\custombuild.command.1.tlog
j:\github_repo\moeru_kit\vs_lib\zlib-1.2.11\build\zlib.dir\debug\zlib.tlog\custombuild.read.1.tlog
j:\github_repo\moeru_kit\vs_lib\zlib-1.2.11\build\zlib.dir\debug\zlib.tlog\custombuild.write.1.tlog
j:\github_repo\moeru_kit\vs_lib\zlib-1.2.11\build\zlib.dir\debug\zlib.tlog\link.command.1.tlog
j:\github_repo\moeru_kit\vs_lib\zlib-1.2.11\build\zlib.dir\debug\zlib.tlog\link.read.1.tlog
j:\github_repo\moeru_kit\vs_lib\zlib-1.2.11\build\zlib.dir\debug\zlib.tlog\link.write.1.tlog
j:\github_repo\moeru_kit\vs_lib\zlib-1.2.11\build\zlib.dir\debug\zlib.tlog\rc.command.1.tlog
j:\github_repo\moeru_kit\vs_lib\zlib-1.2.11\build\zlib.dir\debug\zlib.tlog\rc.read.1.tlog
j:\github_repo\moeru_kit\vs_lib\zlib-1.2.11\build\zlib.dir\debug\zlib.tlog\rc.write.1.tlog
j:\github_repo\moeru_kit\vs_lib\zlib-1.2.11\build\zlib.dir\debug\zlib.tlog\zlib.write.1u.tlog
