The system is: Windows - 10.0.18362 - AMD64
The system is: Windows - 10.0.18362 - AMD64
Compiling the C compiler identification source file "CMakeCCompilerId.c" succeeded.
Compiler: C:/Program Files (x86)/Microsoft Visual Studio/2019/Community/VC/Tools/MSVC/14.28.29333/bin/Hostx64/x64/cl.exe 
Build flags: 
Id flags:  

The output was:
0
用于 x64 的 Microsoft (R) C/C++ 优化编译器 19.28.29334 版
版权所有(C) Microsoft Corporation。保留所有权利。

CMakeCCompilerId.c
Microsoft (R) Incremental Linker Version 14.28.29334.0
Copyright (C) Microsoft Corporation.  All rights reserved.

/out:CMakeCCompilerId.exe 
CMakeCCompilerId.obj 


Compilation of the C compiler identification source "CMakeCCompilerId.c" produced "CMakeCCompilerId.exe"

Compilation of the C compiler identification source "CMakeCCompilerId.c" produced "CMakeCCompilerId.obj"

The C compiler identification is MSVC, found in "J:/Github_Repo/Moeru_Kit/vs_lib/zlib-1.2.11/out/build/x64-Debug (默认值)/CMakeFiles/3.18.20081302-MSVC_2/CompilerIdC/CMakeCCompilerId.exe"

Detecting C compiler ABI info compiled with the following output:
Change Dir: J:/Github_Repo/Moeru_Kit/vs_lib/zlib-1.2.11/out/build/x64-Debug (默认值)/CMakeFiles/CMakeTmp

Run Build Command(s):C:/Program Files (x86)/Microsoft Visual Studio/2019/Community/Common7/IDE/CommonExtensions/Microsoft/CMake/Ninja/ninja.exe cmTC_1da7f && [1/2] Building C object CMakeFiles\cmTC_1da7f.dir\CMakeCCompilerABI.c.obj
注意: 包含文件:  C:\Program Files (x86)\Microsoft Visual Studio\2019\Community\Common7\IDE\CommonExtensions\Microsoft\CMake\CMake\share\cmake-3.18\Modules\CMakeCompilerABI.h
[2/2] Linking C executable cmTC_1da7f.exe



Determining if the include file sys/types.h exists passed with the following output:
Change Dir: J:/Github_Repo/Moeru_Kit/vs_lib/zlib-1.2.11/out/build/x64-Debug (默认值)/CMakeFiles/CMakeTmp

Run Build Command(s):C:/Program Files (x86)/Microsoft Visual Studio/2019/Community/Common7/IDE/CommonExtensions/Microsoft/CMake/Ninja/ninja.exe cmTC_784b0 && [1/2] Building C object CMakeFiles\cmTC_784b0.dir\CheckIncludeFile.c.obj
注意: 包含文件:  C:\Program Files (x86)\Windows Kits\10\include\10.0.18362.0\ucrt\sys/types.h
[2/2] Linking C executable cmTC_784b0.exe



Determining if the include file stdint.h exists passed with the following output:
Change Dir: J:/Github_Repo/Moeru_Kit/vs_lib/zlib-1.2.11/out/build/x64-Debug (默认值)/CMakeFiles/CMakeTmp

Run Build Command(s):C:/Program Files (x86)/Microsoft Visual Studio/2019/Community/Common7/IDE/CommonExtensions/Microsoft/CMake/Ninja/ninja.exe cmTC_79ab7 && [1/2] Building C object CMakeFiles\cmTC_79ab7.dir\CheckIncludeFile.c.obj
注意: 包含文件:  C:\Program Files (x86)\Microsoft Visual Studio\2019\Community\VC\Tools\MSVC\14.28.29333\include\stdint.h
注意: 包含文件:   C:\Program Files (x86)\Microsoft Visual Studio\2019\Community\VC\Tools\MSVC\14.28.29333\include\vcruntime.h
注意: 包含文件:    C:\Program Files (x86)\Microsoft Visual Studio\2019\Community\VC\Tools\MSVC\14.28.29333\include\sal.h
注意: 包含文件:     C:\Program Files (x86)\Microsoft Visual Studio\2019\Community\VC\Tools\MSVC\14.28.29333\include\concurrencysal.h
注意: 包含文件:    C:\Program Files (x86)\Microsoft Visual Studio\2019\Community\VC\Tools\MSVC\14.28.29333\include\vadefs.h
[2/2] Linking C executable cmTC_79ab7.exe



Determining if the include file stddef.h exists passed with the following output:
Change Dir: J:/Github_Repo/Moeru_Kit/vs_lib/zlib-1.2.11/out/build/x64-Debug (默认值)/CMakeFiles/CMakeTmp

Run Build Command(s):C:/Program Files (x86)/Microsoft Visual Studio/2019/Community/Common7/IDE/CommonExtensions/Microsoft/CMake/Ninja/ninja.exe cmTC_21726 && [1/2] Building C object CMakeFiles\cmTC_21726.dir\CheckIncludeFile.c.obj
注意: 包含文件:  C:\Program Files (x86)\Windows Kits\10\include\10.0.18362.0\ucrt\stddef.h
注意: 包含文件:   C:\Program Files (x86)\Windows Kits\10\include\10.0.18362.0\ucrt\corecrt.h
注意: 包含文件:    C:\Program Files (x86)\Microsoft Visual Studio\2019\Community\VC\Tools\MSVC\14.28.29333\include\vcruntime.h
注意: 包含文件:     C:\Program Files (x86)\Microsoft Visual Studio\2019\Community\VC\Tools\MSVC\14.28.29333\include\sal.h
注意: 包含文件:      C:\Program Files (x86)\Microsoft Visual Studio\2019\Community\VC\Tools\MSVC\14.28.29333\include\concurrencysal.h
注意: 包含文件:     C:\Program Files (x86)\Microsoft Visual Studio\2019\Community\VC\Tools\MSVC\14.28.29333\include\vadefs.h
[2/2] Linking C executable cmTC_21726.exe



